Log file open, 06/14/18 21:46:53
LogWindows: Failed to load 'aqProf.dll' (GetLastError=126)
LogWindows: File 'aqProf.dll' does not exist
LogWindows: Failed to load 'VtuneApi.dll' (GetLastError=126)
LogWindows: File 'VtuneApi.dll' does not exist
LogWindows: Failed to load 'VtuneApi32e.dll' (GetLastError=126)
LogWindows: File 'VtuneApi32e.dll' does not exist
LogInit: Display: Running engine for game: shoot_em_up
LogPlatformFile: Not using cached read wrapper
LogInit: Display: RandInit(1728934329) SRandInit(1728934329).
LogInit: Read version file with build ID '3944462'
LogInit: Overriding engine version to CL 3989454, compatible CL 3944462
LogInit: Registered custom module enumerator with build ID '3944462'
LogTaskGraph: Started task graph with 5 named threads and 14 total threads with 3 sets of task threads.
LogStats: Stats thread started at 1.006659
LogD3D11RHI: Aftermath initialized
LogICUInternationalization: Display: ICU TimeZone Detection - Raw Offset: -3:00, Platform Override: ''
LogModuleManager: Display: Found up-to-date module file ../../../Engine/Plugins/2D/Paper2D/Binaries/Win64/UE4Editor-Paper2D.dll (API version 3944462).
LogModuleManager: Display: Found up-to-date module file ../../../Engine/Plugins/2D/Paper2D/Binaries/Win64/UE4Editor-Paper2DEditor.dll (API version 3944462).
LogModuleManager: Display: Found up-to-date module file ../../../Engine/Plugins/2D/Paper2D/Binaries/Win64/UE4Editor-PaperSpriteSheetImporter.dll (API version 3944462).
LogModuleManager: Display: Found up-to-date module file ../../../Engine/Plugins/2D/Paper2D/Binaries/Win64/UE4Editor-PaperTiledImporter.dll (API version 3944462).
LogModuleManager: Display: Found up-to-date module file ../../../Engine/Plugins/2D/Paper2D/Binaries/Win64/UE4Editor-SmartSnapping.dll (API version 3944462).
LogModuleManager: Display: Found up-to-date module file ../../../Engine/Plugins/Blendables/LightPropagationVolume/Binaries/Win64/UE4Editor-LightPropagationVolumeRuntime.dll (API version 3944462).
LogModuleManager: Display: Found up-to-date module file ../../../Engine/Plugins/Blendables/LightPropagationVolume/Binaries/Win64/UE4Editor-LightPropagationVolumeEditor.dll (API version 3944462).
LogModuleManager: Display: Found up-to-date module file ../../../Engine/Plugins/Developer/CLionSourceCodeAccess/Binaries/Win64/UE4Editor-CLionSourceCodeAccess.dll (API version 3944462).
LogModuleManager: Display: Found up-to-date module file ../../../Engine/Plugins/Developer/GitSourceControl/Binaries/Win64/UE4Editor-GitSourceControl.dll (API version 3944462).
LogModuleManager: Display: Found up-to-date module file ../../../Engine/Plugins/Developer/PerforceSourceControl/Binaries/Win64/UE4Editor-PerforceSourceControl.dll (API version 3944462).
LogModuleManager: Display: Found up-to-date module file ../../../Engine/Plugins/Developer/SubversionSourceControl/Binaries/Win64/UE4Editor-SubversionSourceControl.dll (API version 3944462).
LogModuleManager: Display: Found up-to-date module file ../../../Engine/Plugins/Developer/UObjectPlugin/Binaries/Win64/UE4Editor-UObjectPlugin.dll (API version 3944462).
LogModuleManager: Display: Found up-to-date module file ../../../Engine/Plugins/Developer/VisualStudioCodeSourceCodeAccess/Binaries/Win64/UE4Editor-VisualStudioCodeSourceCodeAccess.dll (API version 3944462).
LogModuleManager: Display: Found up-to-date module file ../../../Engine/Plugins/Developer/VisualStudioSourceCodeAccess/Binaries/Win64/UE4Editor-VisualStudioSourceCodeAccess.dll (API version 3944462).
LogModuleManager: Display: Found up-to-date module file ../../../Engine/Plugins/Editor/AssetManagerEditor/Binaries/Win64/UE4Editor-AssetManagerEditor.dll (API version 3944462).
LogModuleManager: Display: Found up-to-date module file ../../../Engine/Plugins/Editor/CryptoKeys/Binaries/Win64/UE4Editor-CryptoKeys.dll (API version 3944462).
LogModuleManager: Display: Found up-to-date module file ../../../Engine/Plugins/Editor/CryptoKeys/Binaries/Win64/UE4Editor-CryptoKeysOpenSSL.dll (API version 3944462).
LogModuleManager: Display: Found up-to-date module file ../../../Engine/Plugins/Editor/DataValidation/Binaries/Win64/UE4Editor-DataValidation.dll (API version 3944462).
LogModuleManager: Display: Found up-to-date module file ../../../Engine/Plugins/Editor/FacialAnimation/Binaries/Win64/UE4Editor-FacialAnimation.dll (API version 3944462).
LogModuleManager: Display: Found up-to-date module file ../../../Engine/Plugins/Editor/FacialAnimation/Binaries/Win64/UE4Editor-FacialAnimationEditor.dll (API version 3944462).
LogModuleManager: Display: Found up-to-date module file ../../../Engine/Plugins/Editor/GameplayTagsEditor/Binaries/Win64/UE4Editor-GameplayTagsEditor.dll (API version 3944462).
LogModuleManager: Display: Found up-to-date module file ../../../Engine/Plugins/Editor/MobileLauncherProfileWizard/Binaries/Win64/UE4Editor-MobileLauncherProfileWizard.dll (API version 3944462).
LogModuleManager: Display: Found up-to-date module file ../../../Engine/Plugins/Editor/PluginBrowser/Binaries/Win64/UE4Editor-PluginBrowser.dll (API version 3944462).
LogModuleManager: Display: Found up-to-date module file ../../../Engine/Plugins/Editor/SpeedTreeImporter/Binaries/Win64/UE4Editor-SpeedTreeImporter.dll (API version 3944462).
LogModuleManager: Display: Found up-to-date module file ../../../Engine/Plugins/Enterprise/DatasmithContent/Binaries/Win64/UE4Editor-DatasmithContent.dll (API version 3944462).
LogModuleManager: Display: Found up-to-date module file ../../../Engine/Plugins/Experimental/AlembicImporter/Binaries/Win64/UE4Editor-AlembicImporter.dll (API version 3944462).
LogModuleManager: Display: Found up-to-date module file ../../../Engine/Plugins/Experimental/AlembicImporter/Binaries/Win64/UE4Editor-AlembicLibrary.dll (API version 3944462).
LogModuleManager: Display: Found up-to-date module file ../../../Engine/Plugins/Experimental/CharacterAI/Binaries/Win64/UE4Editor-CharacterAI.dll (API version 3944462).
LogModuleManager: Display: Found up-to-date module file ../../../Engine/Plugins/Experimental/HTML5Networking/Binaries/Win64/UE4Editor-HTML5Networking.dll (API version 3944462).
LogModuleManager: Display: Found up-to-date module file ../../../Engine/Plugins/Media/AndroidMedia/Binaries/Win64/UE4Editor-AndroidMediaEditor.dll (API version 3944462).
LogModuleManager: Display: Found up-to-date module file ../../../Engine/Plugins/Media/AndroidMedia/Binaries/Win64/UE4Editor-AndroidMediaFactory.dll (API version 3944462).
LogModuleManager: Display: Found up-to-date module file ../../../Engine/Plugins/Media/AvfMedia/Binaries/Win64/UE4Editor-AvfMediaEditor.dll (API version 3944462).
LogModuleManager: Display: Found up-to-date module file ../../../Engine/Plugins/Media/AvfMedia/Binaries/Win64/UE4Editor-AvfMediaFactory.dll (API version 3944462).
LogModuleManager: Display: Found up-to-date module file ../../../Engine/Plugins/Media/AvfMedia/Binaries/Win64/UE4Editor-AvfMediaFactory.dll (API version 3944462).
LogModuleManager: Display: Found up-to-date module file ../../../Engine/Plugins/Media/ImgMedia/Binaries/Win64/UE4Editor-ImgMedia.dll (API version 3944462).
LogModuleManager: Display: Found up-to-date module file ../../../Engine/Plugins/Media/ImgMedia/Binaries/Win64/UE4Editor-ImgMediaEditor.dll (API version 3944462).
LogModuleManager: Display: Found up-to-date module file ../../../Engine/Plugins/Media/ImgMedia/Binaries/Win64/UE4Editor-ImgMediaFactory.dll (API version 3944462).
LogModuleManager: Display: Found up-to-date module file ../../../Engine/Plugins/Media/ImgMedia/Binaries/Win64/UE4Editor-ImgMediaFactory.dll (API version 3944462).
LogModuleManager: Display: Found up-to-date module file ../../../Engine/Plugins/Media/ImgMedia/Binaries/Win64/UE4Editor-OpenExrWrapper.dll (API version 3944462).
LogModuleManager: Display: Found up-to-date module file ../../../Engine/Plugins/Media/LinearTimecode/Binaries/Win64/UE4Editor-LinearTimecode.dll (API version 3944462).
LogModuleManager: Display: Found up-to-date module file ../../../Engine/Plugins/Media/MediaCompositing/Binaries/Win64/UE4Editor-MediaCompositing.dll (API version 3944462).
LogModuleManager: Display: Found up-to-date module file ../../../Engine/Plugins/Media/MediaCompositing/Binaries/Win64/UE4Editor-MediaCompositingEditor.dll (API version 3944462).
LogModuleManager: Display: Found up-to-date module file ../../../Engine/Plugins/Media/MediaPlayerEditor/Binaries/Win64/UE4Editor-MediaPlayerEditor.dll (API version 3944462).
LogModuleManager: Display: Found up-to-date module file ../../../Engine/Plugins/Media/WmfMedia/Binaries/Win64/UE4Editor-WmfMedia.dll (API version 3944462).
LogModuleManager: Display: Found up-to-date module file ../../../Engine/Plugins/Media/WmfMedia/Binaries/Win64/UE4Editor-WmfMediaEditor.dll (API version 3944462).
LogModuleManager: Display: Found up-to-date module file ../../../Engine/Plugins/Media/WmfMedia/Binaries/Win64/UE4Editor-WmfMediaFactory.dll (API version 3944462).
LogModuleManager: Display: Found up-to-date module file ../../../Engine/Plugins/Media/WmfMedia/Binaries/Win64/UE4Editor-WmfMediaFactory.dll (API version 3944462).
LogModuleManager: Display: Found up-to-date module file ../../../Engine/Plugins/Messaging/TcpMessaging/Binaries/Win64/UE4Editor-TcpMessaging.dll (API version 3944462).
LogModuleManager: Display: Found up-to-date module file ../../../Engine/Plugins/Messaging/UdpMessaging/Binaries/Win64/UE4Editor-UdpMessaging.dll (API version 3944462).
LogModuleManager: Display: Found up-to-date module file ../../../Engine/Plugins/MovieScene/ActorSequence/Binaries/Win64/UE4Editor-ActorSequence.dll (API version 3944462).
LogModuleManager: Display: Found up-to-date module file ../../../Engine/Plugins/MovieScene/LevelSequenceEditor/Binaries/Win64/UE4Editor-LevelSequenceEditor.dll (API version 3944462).
LogModuleManager: Display: Found up-to-date module file ../../../Engine/Plugins/MovieScene/MatineeToLevelSequence/Binaries/Win64/UE4Editor-MatineeToLevelSequence.dll (API version 3944462).
LogModuleManager: Display: Found up-to-date module file ../../../Engine/Plugins/NetcodeUnitTest/NetcodeUnitTest/Binaries/Win64/UE4Editor-NetcodeUnitTest.dll (API version 3944462).
LogModuleManager: Display: Found up-to-date module file ../../../Engine/Plugins/NetcodeUnitTest/NUTUnrealEngine4/Binaries/Win64/UE4Editor-NUTUnrealEngine4.dll (API version 3944462).
LogModuleManager: Display: Found up-to-date module file ../../../Engine/Plugins/Online/OnlineSubsystem/Binaries/Win64/UE4Editor-OnlineSubsystem.dll (API version 3944462).
LogModuleManager: Display: Found up-to-date module file ../../../Engine/Plugins/Runtime/AndroidPermission/Binaries/Win64/UE4Editor-AndroidPermission.dll (API version 3944462).
LogModuleManager: Display: Found up-to-date module file ../../../Engine/Plugins/Online/OnlineSubsystemNull/Binaries/Win64/UE4Editor-OnlineSubsystemNull.dll (API version 3944462).
LogModuleManager: Display: Found up-to-date module file ../../../Engine/Plugins/Online/OnlineSubsystemUtils/Binaries/Win64/UE4Editor-OnlineSubsystemUtils.dll (API version 3944462).
LogModuleManager: Display: Found up-to-date module file ../../../Engine/Plugins/Online/OnlineSubsystemUtils/Binaries/Win64/UE4Editor-OnlineBlueprintSupport.dll (API version 3944462).
LogModuleManager: Display: Found up-to-date module file ../../../Engine/Plugins/Runtime/AndroidDeviceProfileSelector/Binaries/Win64/UE4Editor-AndroidDeviceProfileSelector.dll (API version 3944462).
LogModuleManager: Display: Found up-to-date module file ../../../Engine/Plugins/Runtime/AppleARKit/Binaries/Win64/UE4Editor-AppleARKit.dll (API version 3944462).
LogModuleManager: Display: Found up-to-date module file ../../../Engine/Plugins/Runtime/ProceduralMeshComponent/Binaries/Win64/UE4Editor-ProceduralMeshComponent.dll (API version 3944462).
LogModuleManager: Display: Found up-to-date module file ../../../Engine/Plugins/Runtime/ProceduralMeshComponent/Binaries/Win64/UE4Editor-ProceduralMeshComponentEditor.dll (API version 3944462).
LogModuleManager: Display: Found up-to-date module file ../../../Engine/Plugins/Animation/LiveLink/Binaries/Win64/UE4Editor-LiveLink.dll (API version 3944462).
LogModuleManager: Display: Found up-to-date module file ../../../Engine/Plugins/Animation/LiveLink/Binaries/Win64/UE4Editor-LiveLinkEditor.dll (API version 3944462).
LogModuleManager: Display: Found up-to-date module file ../../../Engine/Plugins/Runtime/ArchVisCharacter/Binaries/Win64/UE4Editor-ArchVisCharacter.dll (API version 3944462).
LogModuleManager: Display: Found up-to-date module file ../../../Engine/Plugins/Runtime/AudioCapture/Binaries/Win64/UE4Editor-AudioCapture.dll (API version 3944462).
LogModuleManager: Display: Found up-to-date module file ../../../Engine/Plugins/Runtime/AudioCapture/Binaries/Win64/UE4Editor-AudioCaptureEditor.dll (API version 3944462).
LogModuleManager: Display: Found up-to-date module file ../../../Engine/Plugins/Runtime/CableComponent/Binaries/Win64/UE4Editor-CableComponent.dll (API version 3944462).
LogModuleManager: Display: Found up-to-date module file ../../../Engine/Plugins/Runtime/CustomMeshComponent/Binaries/Win64/UE4Editor-CustomMeshComponent.dll (API version 3944462).
LogModuleManager: Display: Found up-to-date module file ../../../Engine/Plugins/Runtime/ExampleDeviceProfileSelector/Binaries/Win64/UE4Editor-ExampleDeviceProfileSelector.dll (API version 3944462).
LogModuleManager: Display: Found up-to-date module file ../../../Engine/Plugins/Runtime/ImmediatePhysics/Binaries/Win64/UE4Editor-ImmediatePhysics.dll (API version 3944462).
LogModuleManager: Display: Found up-to-date module file ../../../Engine/Plugins/Runtime/ImmediatePhysics/Binaries/Win64/UE4Editor-ImmediatePhysicsEditor.dll (API version 3944462).
LogModuleManager: Display: Found up-to-date module file ../../../Engine/Plugins/Runtime/LocationServicesBPLibrary/Binaries/Win64/UE4Editor-LocationServicesBPLibrary.dll (API version 3944462).
LogModuleManager: Display: Found up-to-date module file ../../../Engine/Plugins/Runtime/MobilePatchingUtils/Binaries/Win64/UE4Editor-MobilePatchingUtils.dll (API version 3944462).
LogModuleManager: Display: Found up-to-date module file ../../../Engine/Plugins/Runtime/Oculus/OculusVR/Binaries/Win64/UE4Editor-OculusHMD.dll (API version 3944462).
LogModuleManager: Display: Found up-to-date module file ../../../Engine/Plugins/Runtime/Oculus/OculusVR/Binaries/Win64/UE4Editor-OculusInput.dll (API version 3944462).
LogModuleManager: Display: Found up-to-date module file ../../../Engine/Plugins/Runtime/Oculus/OculusVR/Binaries/Win64/UE4Editor-OculusEditor.dll (API version 3944462).
LogModuleManager: Display: Found up-to-date module file ../../../Engine/Plugins/Runtime/PhysXVehicles/Binaries/Win64/UE4Editor-PhysXVehicles.dll (API version 3944462).
LogModuleManager: Display: Found up-to-date module file ../../../Engine/Plugins/Runtime/PhysXVehicles/Binaries/Win64/UE4Editor-PhysXVehiclesEditor.dll (API version 3944462).
LogModuleManager: Display: Found up-to-date module file ../../../Engine/Plugins/Runtime/RuntimePhysXCooking/Binaries/Win64/UE4Editor-RuntimePhysXCooking.dll (API version 3944462).
LogModuleManager: Display: Found up-to-date module file ../../../Engine/Plugins/Runtime/Steam/SteamVR/Binaries/Win64/UE4Editor-SteamVR.dll (API version 3944462).
LogModuleManager: Display: Found up-to-date module file ../../../Engine/Plugins/Runtime/Steam/SteamVR/Binaries/Win64/UE4Editor-SteamVRController.dll (API version 3944462).
LogModuleManager: Display: Found up-to-date module file ../../../Engine/Plugins/Runtime/WindowsMoviePlayer/Binaries/Win64/UE4Editor-WindowsMoviePlayer.dll (API version 3944462).
LogPluginManager: Mounting plugin Paper2D
LogPluginManager: Mounting plugin LiveLink
LogPluginManager: Mounting plugin LightPropagationVolume
LogPluginManager: Mounting plugin CLionSourceCodeAccess
LogPluginManager: Mounting plugin CodeLiteSourceCodeAccess
LogPluginManager: Mounting plugin GitSourceControl
LogPluginManager: Mounting plugin KDevelopSourceCodeAccess
LogPluginManager: Mounting plugin NullSourceCodeAccess
LogPluginManager: Mounting plugin PerforceSourceControl
LogPluginManager: Mounting plugin SubversionSourceControl
LogPluginManager: Mounting plugin UObjectPlugin
LogPluginManager: Mounting plugin VisualStudioCodeSourceCodeAccess
LogPluginManager: Mounting plugin VisualStudioSourceCodeAccess
LogPluginManager: Mounting plugin XCodeSourceCodeAccess
LogPluginManager: Mounting plugin AssetManagerEditor
LogPluginManager: Mounting plugin CryptoKeys
LogPluginManager: Mounting plugin DataValidation
LogPluginManager: Mounting plugin FacialAnimation
LogPluginManager: Mounting plugin GameplayTagsEditor
LogPluginManager: Mounting plugin MobileLauncherProfileWizard
LogPluginManager: Mounting plugin PluginBrowser
LogPluginManager: Mounting plugin SpeedTreeImporter
LogPluginManager: Mounting plugin DatasmithContent
LogPluginManager: Mounting plugin AlembicImporter
LogPluginManager: Mounting plugin CharacterAI
LogPluginManager: Mounting plugin HTML5Networking
LogPluginManager: Mounting plugin AndroidMedia
LogPluginManager: Mounting plugin AvfMedia
LogPluginManager: Mounting plugin ImgMedia
LogPluginManager: Mounting plugin LinearTimecode
LogPluginManager: Mounting plugin MediaCompositing
LogPluginManager: Mounting plugin MediaPlayerEditor
LogPluginManager: Mounting plugin WmfMedia
LogPluginManager: Mounting plugin TcpMessaging
LogPluginManager: Mounting plugin UdpMessaging
LogPluginManager: Mounting plugin ActorSequence
LogPluginManager: Mounting plugin LevelSequenceEditor
LogPluginManager: Mounting plugin MatineeToLevelSequence
LogPluginManager: Mounting plugin NetcodeUnitTest
LogPluginManager: Mounting plugin NUTUnrealEngine4
LogPluginManager: Mounting plugin OnlineSubsystemGooglePlay
LogPluginManager: Mounting plugin OnlineSubsystemIOS
LogPluginManager: Mounting plugin OnlineSubsystem
LogPluginManager: Mounting plugin OnlineSubsystemNull
LogPluginManager: Mounting plugin OnlineSubsystemUtils
LogPluginManager: Mounting plugin AndroidDeviceProfileSelector
LogPluginManager: Mounting plugin AndroidMoviePlayer
LogPluginManager: Mounting plugin AndroidPermission
LogPluginManager: Mounting plugin AppleARKit
LogPluginManager: Mounting plugin AppleMoviePlayer
LogPluginManager: Mounting plugin ArchVisCharacter
LogPluginManager: Mounting plugin AudioCapture
LogPluginManager: Mounting plugin CableComponent
LogPluginManager: Mounting plugin CustomMeshComponent
LogPluginManager: Mounting plugin ExampleDeviceProfileSelector
LogPluginManager: Mounting plugin GoogleCloudMessaging
LogPluginManager: Mounting plugin ImmediatePhysics
LogPluginManager: Mounting plugin IOSDeviceProfileSelector
LogPluginManager: Mounting plugin LinuxDeviceProfileSelector
LogPluginManager: Mounting plugin LocationServicesBPLibrary
LogPluginManager: Mounting plugin MobilePatchingUtils
LogPluginManager: Mounting plugin OculusVR
LogPluginManager: Plugin shader directory ../../../Engine/Plugins/Runtime/Oculus/OculusVR/Shaders found
LogPluginManager: Mapping shader source directory ../../../Engine/Plugins/Runtime/Oculus/OculusVR/Shaders to virtual directory /Plugin/OculusVR
LogPluginManager: Mounting plugin PhysXVehicles
LogPluginManager: Mounting plugin ProceduralMeshComponent
LogPluginManager: Mounting plugin RuntimePhysXCooking
LogPluginManager: Mounting plugin SteamVR
LogPluginManager: Mounting plugin WindowsMoviePlayer
LogStreaming: Display: Took  1.028s to configure plugins.
LogInit: Using libcurl 7.47.1
LogInit:  - built for x86_64-pc-win32
LogInit:  - supports SSL with OpenSSL/1.0.2g
LogInit:  - supports HTTP deflate (compression) using libz 1.2.8
LogInit:  - other features:
LogInit:      CURL_VERSION_SSL
LogInit:      CURL_VERSION_LIBZ
LogInit:      CURL_VERSION_IPV6
LogInit:      CURL_VERSION_ASYNCHDNS
LogInit:      CURL_VERSION_LARGEFILE
LogInit:      CURL_VERSION_IDN
LogInit:  CurlRequestOptions (configurable via config and command line):
LogInit:  - bVerifyPeer = false  - Libcurl will NOT verify peer certificate
LogInit:  - bUseHttpProxy = false  - Libcurl will NOT use HTTP proxy
LogInit:  - bDontReuseConnections = false  - Libcurl will reuse connections
LogInit:  - CertBundlePath = nullptr  - Libcurl will use whatever was configured at build time.
LogInit:  - MaxHostConnections = 16  - Libcurl will limit the number of connections to a host
LogInit:  - LocalHostAddr = Default
LogInit: WinSock: version 1.1 (2.2), MaxSocks=32767, MaxUdp=65467
LogInit: WinSock: I am labsoft25 (143.107.102.25:0)
LogInit: Build: ++UE4+Release-4.19-CL-3989454
LogInit: Engine Version: 4.19.1-3989454+++UE4+Release-4.19
LogInit: Compatible Engine Version: 4.19.0-3944462+++UE4+Release-4.19
LogInit: Net CL: 3944462
LogDevObjectVersion: Number of dev versions registered: 18
LogDevObjectVersion:   Dev-Blueprints (B0D832E4-1F89-4F0D-ACCF-7EB736FD4AA2): 10
LogDevObjectVersion:   Dev-Build (E1C64328-A22C-4D53-A36C-8E866417BD8C): 0
LogDevObjectVersion:   Dev-Core (375EC13C-06E4-48FB-B500-84F0262A717E): 2
LogDevObjectVersion:   Dev-Editor (E4B068ED-F494-42E9-A231-DA0B2E46BB41): 23
LogDevObjectVersion:   Dev-Framework (CFFC743F-43B0-4480-9391-14DF171D2073): 33
LogDevObjectVersion:   Dev-Mobile (B02B49B5-BB20-44E9-A304-32B752E40360): 2
LogDevObjectVersion:   Dev-Networking (A4E4105C-59A1-49B5-A7C5-40C4547EDFEE): 0
LogDevObjectVersion:   Dev-Online (39C831C9-5AE6-47DC-9A44-9C173E1C8E7C): 0
LogDevObjectVersion:   Dev-Physics (78F01B33-EBEA-4F98-B9B4-84EACCB95AA2): 0
LogDevObjectVersion:   Dev-Platform (6631380F-2D4D-43E0-8009-CF276956A95A): 0
LogDevObjectVersion:   Dev-Rendering (12F88B9F-8875-4AFC-A67C-D90C383ABD29): 25
LogDevObjectVersion:   Dev-Sequencer (7B5AE74C-D270-4C10-A958-57980B212A5A): 6
LogDevObjectVersion:   Dev-VR (D7296918-1DD6-4BDD-9DE2-64A83CC13884): 1
LogDevObjectVersion:   Dev-LoadTimes (C2A15278-BFE7-4AFE-6C17-90FF531DF755): 1
LogDevObjectVersion:   Private-Geometry (6EACA3D4-40EC-4CC1-B786-8BED09428FC5): 2
LogDevObjectVersion:   Dev-AnimPhys (29E575DD-E0A3-4627-9D10-D276232CDCEA): 16
LogDevObjectVersion:   Dev-ReflectionCapture (6B266CEC-1EC7-4B8F-A30B-E4D90942FC07): 1
LogDevObjectVersion:   Dev-Automation (0DF73D61-A23F-47EA-B727-89E90C41499A): 1
LogInit: Compiled (64-bit): Apr  6 2018 12:26:04
LogInit: Compiled with Visual C++: 19.00.24215.01
LogInit: Build Configuration: Development
LogInit: Branch Name: ++UE4+Release-4.19
LogInit: Command Line:  
LogInit: Base Directory: C:/Program Files/Epic Games/UE_4.19/Engine/Binaries/Win64/
LogInit: Installed Engine Build: 1
LogStreaming: Display: Took  0.000s to delete old logs.
LogInit: Presizing for max 8388607 objects, including 0 objects not considered by GC, pre-allocating 0 bytes for permanent pool.
LogInit: Object subsystem initialized
[2018.06.15-00.46.54:509][  0]LogInit: Selected Device Profile: [Windows]
[2018.06.15-00.46.54:509][  0]LogInit: Applying CVar settings loaded from the selected device profile: [Windows]
[2018.06.15-00.46.54:529][  0]LogInit: Computer: LABSOFT25
[2018.06.15-00.46.54:529][  0]LogInit: User: aluno
[2018.06.15-00.46.54:529][  0]LogInit: CPU Page size=4096, Cores=4
[2018.06.15-00.46.54:529][  0]LogInit: High frequency timer resolution =3.421877 MHz
[2018.06.15-00.46.54:529][  0]LogMemory: Memory total: Physical=7.9GB (8GB approx)
[2018.06.15-00.46.54:529][  0]LogMemory: Platform Memory Stats for Windows
[2018.06.15-00.46.54:529][  0]LogMemory: Process Physical Memory: 273.38 MB used, 273.38 MB peak
[2018.06.15-00.46.54:529][  0]LogMemory: Process Virtual Memory: 269.67 MB used, 269.67 MB peak
[2018.06.15-00.46.54:529][  0]LogMemory: Physical Memory: 1942.12 MB used,  6168.80 MB free, 8110.92 MB total
[2018.06.15-00.46.54:529][  0]LogMemory: Virtual Memory: 4783.97 MB used,  6168.80 MB free, 134217728.00 MB total
[2018.06.15-00.46.54:717][  0]LogInit: Using OS detected language (en-US).
[2018.06.15-00.46.54:717][  0]LogInit: Using OS detected locale (pt-BR).
[2018.06.15-00.46.54:730][  0]LogTextLocalizationManager: No specific localization for 'en-US' exists, so the 'en' localization will be used.
[2018.06.15-00.46.55:123][  0]LogStreaming: Display: Took  0.405s to EndInitTextLocalization.
[2018.06.15-00.46.55:125][  0]LogInit: Setting process to per monitor DPI aware
[2018.06.15-00.46.55:183][  0]LogSlate: New Slate User Created.  User Index 0, Is Virtual User: 0
[2018.06.15-00.46.55:183][  0]LogSlate: Slate User Registered.  User Index 0, Is Virtual User: 0
[2018.06.15-00.46.55:466][  0]LogD3D11RHI: D3D11 adapters:
[2018.06.15-00.46.55:480][  0]LogD3D11RHI:    0. 'Intel(R) HD Graphics 630' (Feature Level 11_0)
[2018.06.15-00.46.55:480][  0]LogD3D11RHI:       128/0/4055 MB DedicatedVideo/DedicatedSystem/SharedSystem, Outputs:1, VendorId:0x8086
[2018.06.15-00.46.55:481][  0]LogD3D11RHI:    1. 'Microsoft Basic Render Driver' (Feature Level 11_0)
[2018.06.15-00.46.55:481][  0]LogD3D11RHI:       0/0/4055 MB DedicatedVideo/DedicatedSystem/SharedSystem, Outputs:0, VendorId:0x1414
[2018.06.15-00.46.55:481][  0]LogD3D11RHI: Chosen D3D11 Adapter: 0
[2018.06.15-00.46.55:485][  0]LogD3D11RHI: Creating new Direct3DDevice
[2018.06.15-00.46.55:485][  0]LogD3D11RHI:     GPU DeviceId: 0x5912 (for the marketing name, search the web for "GPU Device Id")
[2018.06.15-00.46.55:485][  0]LogWindows: EnumDisplayDevices:
[2018.06.15-00.46.55:485][  0]LogWindows:    0. 'Intel(R) HD Graphics 630' (P:1 D:1)
[2018.06.15-00.46.55:485][  0]LogWindows:    1. 'Intel(R) HD Graphics 630' (P:0 D:0)
[2018.06.15-00.46.55:485][  0]LogWindows:    2. 'Intel(R) HD Graphics 630' (P:0 D:0)
[2018.06.15-00.46.55:486][  0]LogWindows: DebugString: GetVideoDriverDetailsInvalid PrimaryIsNotTheChoosenAdapter GetVideoDriverDetailsInvalid PrimaryIsNotTheChoosenAdapter GetVideoDriverDetailsInvalid PrimaryIsNotTheChoosenAdapter FoundDriverCount:0 
[2018.06.15-00.46.55:486][  0]LogD3D11RHI:     Adapter Name: Intel(R) HD Graphics 630
[2018.06.15-00.46.55:486][  0]LogD3D11RHI:   Driver Version: Unknown (internal:Unknown, unified:Unknown)
[2018.06.15-00.46.55:486][  0]LogD3D11RHI:      Driver Date: Unknown
[2018.06.15-00.46.55:486][  0]LogRHI: Texture pool is 1509 MB (70% of 2155 MB)
[2018.06.15-00.46.55:497][  0]LogD3D11RHI: Async texture creation enabled
[2018.06.15-00.46.55:521][  0]LogD3D11RHI: GPU Timing Frequency: 12.000048 (Debug: 2 0)
[2018.06.15-00.46.55:526][  0]LogShaderCompilers: Guid format shader working directory is -12 characters bigger than the processId version (../../../../../../Users/Aluno/Downloads/shoot_3m_up-master/Intermediate/Shaders/WorkingDirectory/4504/).
[2018.06.15-00.46.55:527][  0]LogShaderCompilers: Cleaned the shader compiler working directory 'C:/Users/Aluno/AppData/Local/Temp/UnrealShaderWorkingDir/42A1A4904B1335CA30706CB8BC9CEEEB/'.
[2018.06.15-00.46.56:175][  0]LogTemp: Display: Loaded TP AllDesktopTargetPlatform
[2018.06.15-00.46.56:186][  0]LogTemp: Display: Loaded TP MacClientTargetPlatform
[2018.06.15-00.46.56:197][  0]LogTemp: Display: Loaded TP MacNoEditorTargetPlatform
[2018.06.15-00.46.56:209][  0]LogTemp: Display: Loaded TP MacServerTargetPlatform
[2018.06.15-00.46.56:222][  0]LogTemp: Display: Loaded TP MacTargetPlatform
[2018.06.15-00.46.56:234][  0]LogTemp: Display: Loaded TP WindowsClientTargetPlatform
[2018.06.15-00.46.56:245][  0]LogTemp: Display: Loaded TP WindowsNoEditorTargetPlatform
[2018.06.15-00.46.56:258][  0]LogTemp: Display: Loaded TP WindowsServerTargetPlatform
[2018.06.15-00.46.56:265][  0]LogTemp: Display: Loaded TP WindowsTargetPlatform
[2018.06.15-00.46.56:277][  0]LogTemp: Display: Loaded TP Android_ASTCTargetPlatform
[2018.06.15-00.46.56:289][  0]LogTemp: Display: Loaded TP Android_ATCTargetPlatform
[2018.06.15-00.46.56:301][  0]LogTemp: Display: Loaded TP Android_DXTTargetPlatform
[2018.06.15-00.46.56:312][  0]LogTemp: Display: Loaded TP Android_ETC1aTargetPlatform
[2018.06.15-00.46.56:323][  0]LogTemp: Display: Loaded TP Android_ETC1TargetPlatform
[2018.06.15-00.46.56:334][  0]LogTemp: Display: Loaded TP Android_ETC2TargetPlatform
[2018.06.15-00.46.56:357][  0]LogTemp: Display: Loaded TP Android_MultiTargetPlatform
[2018.06.15-00.46.56:357][  0]LogTemp: Display: Loaded TP Android_PVRTCTargetPlatform
[2018.06.15-00.46.56:369][  0]LogTemp: Display: Loaded TP AndroidTargetPlatform
[2018.06.15-00.46.56:370][  0]LogTemp: Display: Loaded TP HTML5TargetPlatform
[2018.06.15-00.46.56:411][  0]LogTemp: Display: Loaded TP IOSTargetPlatform
[2018.06.15-00.46.56:420][  0]LogTemp: Display: Loaded TP TVOSTargetPlatform
[2018.06.15-00.46.56:433][  0]LogTemp: Display: Loaded TP LinuxClientTargetPlatform
[2018.06.15-00.46.56:444][  0]LogTemp: Display: Loaded TP LinuxNoEditorTargetPlatform
[2018.06.15-00.46.56:455][  0]LogTemp: Display: Loaded TP LinuxServerTargetPlatform
[2018.06.15-00.46.56:467][  0]LogTemp: Display: Loaded TP LinuxTargetPlatform
[2018.06.15-00.46.56:468][  0]LogTargetPlatformManager: Display: Building Assets For Windows
[2018.06.15-00.46.56:626][  0]LogXGEController: Cleaning working directory: C:/Users/Aluno/AppData/Local/Temp/UnrealXGEWorkingDir/
[2018.06.15-00.46.56:626][  0]LogXGEController: Cannot use XGE Controller as Incredibuild is not installed on this machine.
[2018.06.15-00.46.56:627][  0]LogShaderCompilers: Cannot use XGE Shader Compiler as Incredibuild is not installed on this machine.
[2018.06.15-00.46.56:627][  0]LogShaderCompilers: Display: Using Local Shader Compiler.
[2018.06.15-00.46.57:355][  0]LogDerivedDataCache: Display: Max Cache Size: 512 MB
[2018.06.15-00.46.57:903][  0]LogDerivedDataCache: Loaded boot cache 0.55s 74MB C:/Users/Aluno/AppData/Local/UnrealEngine/4.19/DerivedDataCache/Boot.ddc.
[2018.06.15-00.46.57:903][  0]LogDerivedDataCache: Display: Loaded Boot cache: C:/Users/Aluno/AppData/Local/UnrealEngine/4.19/DerivedDataCache/Boot.ddc
[2018.06.15-00.46.57:903][  0]LogDerivedDataCache: FDerivedDataBackendGraph:  Pak pak cache file ../../../../../../Users/Aluno/Downloads/shoot_3m_up-master/DerivedDataCache/DDC.ddp not found, will not use a pak cache.
[2018.06.15-00.46.57:903][  0]LogDerivedDataCache: Unable to find inner node Pak for hierarchical cache Hierarchy.
[2018.06.15-00.46.57:903][  0]LogDerivedDataCache: FDerivedDataBackendGraph:  CompressedPak pak cache file ../../../../../../Users/Aluno/Downloads/shoot_3m_up-master/DerivedDataCache/Compressed.ddp not found, will not use a pak cache.
[2018.06.15-00.46.57:903][  0]LogDerivedDataCache: Unable to find inner node CompressedPak for hierarchical cache Hierarchy.
[2018.06.15-00.46.57:921][  0]LogDerivedDataCache: Display: Pak cache opened for reading ../../../Engine/DerivedDataCache/Compressed.ddp.
[2018.06.15-00.46.57:933][  0]LogDerivedDataCache: Using Local data cache path C:/Users/Aluno/AppData/Local/UnrealEngine/Common/DerivedDataCache: Writable
[2018.06.15-00.46.57:947][  0]LogMaterial: Verifying Global Shaders for PCD3D_SM5
[2018.06.15-00.46.57:952][  0]LogSlate: Using Freetype 2.6.0
[2018.06.15-00.46.57:957][  0]LogSlate: SlateFontCache - WITH_FREETYPE: 1, WITH_HARFBUZZ: 1
[2018.06.15-00.46.57:957][  0]LogSlate: SlateFontCache - WITH_FREETYPE: 1, WITH_HARFBUZZ: 1
[2018.06.15-00.46.58:451][  0]LogAssetRegistry: FAssetRegistry took 0.0297 seconds to start up
[2018.06.15-00.46.58:864][  0]LogInit: Selected Device Profile: [Windows]
[2018.06.15-00.46.59:104][  0]LogSimplygon: Simplygon DLL not present - disabling.
[2018.06.15-00.46.59:112][  0]LogMeshReduction: Using SimplygonSwarm for distributed automatic mesh merging
[2018.06.15-00.46.59:113][  0]LogMeshReduction: Using QuadricMeshReduction for automatic static mesh reduction
[2018.06.15-00.46.59:113][  0]LogMeshReduction: No automatic skeletal mesh reduction module available
[2018.06.15-00.46.59:113][  0]LogMeshReduction: No automatic mesh merging module available
[2018.06.15-00.46.59:113][  0]LogMeshMerging: No automatic mesh merging module available
[2018.06.15-00.46.59:175][  0]LogNetVersion: shoot_em_up , NetCL: 3944462, EngineNetVer: 2, GameNetVer: 0 (Checksum: 287252442)
[2018.06.15-00.46.59:876][  0]LogPackageLocalizationCache: Processed 9 localized package path(s) for 2 prioritized culture(s) in 0.049314 seconds
[2018.06.15-00.46.59:882][  0]LogUObjectArray: 36728 objects as part of root set at end of initial load.
[2018.06.15-00.46.59:882][  0]LogUObjectAllocator: 7314304 out of 0 bytes used by permanent object pool.
[2018.06.15-00.46.59:882][  0]LogUObjectArray: CloseDisregardForGC: 0/0 objects in disregard for GC pool
[2018.06.15-00.47.01:881][  0]LogWmfMedia: Failed to load mf.dll
[2018.06.15-00.47.01:881][  0]LogWmfMedia: Failed to load required Windows Media Foundation libraries
[2018.06.15-00.47.01:894][  0]LogWindowsMoviePlayer: Could not load mf.dll. Library not found.
[2018.06.15-00.47.01:895][  0]LogWindowsMoviePlayer: Could not load mfplat.dll. Library not found.
[2018.06.15-00.47.01:895][  0]LogWindowsMoviePlayer: Could not load mfplay.dll. Library not found.
[2018.06.15-00.47.02:404][  0]LogTcpMessaging: Initializing TcpMessaging bridge
[2018.06.15-00.47.02:431][  0]LogUdpMessaging: Initializing bridge on interface 0.0.0.0:0 to multicast group 230.0.0.1:6666.
[2018.06.15-00.47.02:794][  0]SourceControl: Source control is disabled
[2018.06.15-00.47.02:794][  0]SourceControl: Source control is disabled
[2018.06.15-00.47.02:820][  0]SourceControl: Source control is disabled
[2018.06.15-00.47.02:837][  0]SourceControl: Source control is disabled
[2018.06.15-00.47.03:317][  0]LogAndroidPermission: UAndroidPermissionCallbackProxy::GetInstance
[2018.06.15-00.47.03:443][  0]LogOcInput: OculusInput pre-init called
[2018.06.15-00.47.03:567][  0]LogEngine: Initializing Engine...
[2018.06.15-00.47.03:571][  0]LogHMD: Failed to initialize OpenVR with code 110
[2018.06.15-00.47.03:574][  0]LogStats: UGameplayTagsManager::ConstructGameplayTagTree: Construct from data asset -  0.000 s
[2018.06.15-00.47.03:575][  0]LogStats: UGameplayTagsManager::ConstructGameplayTagTree: GameplayTagTreeChangedEvent.Broadcast -  0.000 s
[2018.06.15-00.47.03:851][  0]LogAIModule: Creating AISystem for world Untitled
[2018.06.15-00.47.03:869][  0]LogInit: XAudio2 using 'Realtek Digital Output (Realtek High Definition Audio)' : 2 channels at 48 kHz using 16 bits per sample (channel mask 0x3)
[2018.06.15-00.47.03:928][  0]LogInit: FAudioDevice initialized.
[2018.06.15-00.47.04:070][  0]LogDerivedDataCache: Saved boot cache 0.14s 74MB C:/Users/Aluno/AppData/Local/UnrealEngine/4.19/DerivedDataCache/Boot.ddc.
[2018.06.15-00.47.04:082][  0]LogInit: Texture streaming: Enabled
[2018.06.15-00.47.04:107][  0]LogEngineSessionManager: EngineSessionManager initialized
[2018.06.15-00.47.04:129][  0]LogWindowsTextInputMethodSystem: Display: IME system now deactivated.
[2018.06.15-00.47.04:167][  0]LogInit: Transaction tracking system initialized
[2018.06.15-00.47.04:250][  0]BlueprintLog: New page: Editor Load
[2018.06.15-00.47.04:469][  0]LocalizationService: Localization service is disabled
[2018.06.15-00.47.04:624][  0]LogConsoleResponse: Display: 
[2018.06.15-00.47.04:848][  0]LogFileCache: Scanning file cache for directory 'C:/Users/Aluno/Downloads/shoot_3m_up-master/Content/' took 0.01s
[2018.06.15-00.47.04:848][  0]LogCook: Display: Max memory allowance for cook 16384mb min free memory 0mb
[2018.06.15-00.47.04:848][  0]LogCook: Display: Mobile HDR setting 1
[2018.06.15-00.47.04:848][  0]LogGameplayTags: Display: UGameplayTagsManager::DoneAddingNativeTags. DelegateIsBound: 0
[2018.06.15-00.47.04:848][  0]LogStats: UGameplayTagsManager::ConstructGameplayTagTree: Construct from data asset -  0.000 s
[2018.06.15-00.47.04:848][  0]LogStats: UGameplayTagsManager::ConstructGameplayTagTree: GameplayTagTreeChangedEvent.Broadcast -  0.000 s
[2018.06.15-00.47.05:415][  0]SourceControl: Source control is disabled
[2018.06.15-00.47.05:418][  0]Cmd: MAP LOAD FILE="../../../../../../Users/Aluno/Downloads/shoot_3m_up-master/Content/TwinStickBP/Maps/TwinStickExampleMap.umap" TEMPLATE=0 SHOWPROGRESS=1 FEATURELEVEL=3
[2018.06.15-00.47.05:420][  0]LightingResults: New page: Lighting Build
[2018.06.15-00.47.05:429][  0]MapCheck: New page: Map Check
[2018.06.15-00.47.05:429][  0]LightingResults: New page: Lighting Build
[2018.06.15-00.47.06:050][  0]LogAIModule: Creating AISystem for world TwinStickExampleMap
[2018.06.15-00.47.06:076][  0]LogEditorServer: Finished looking for orphan Actors (0.000 secs)
[2018.06.15-00.47.06:100][  0]Cmd: MAP CHECKDEP NOCLEARLOG
[2018.06.15-00.47.06:143][  0]MapCheck: Map check complete: 0 Error(s), 0 Warning(s), took 41,883ms to complete.
[2018.06.15-00.47.06:143][  0]LogFileHelpers: Loading map 'TwinStickExampleMap' took 0.725
[2018.06.15-00.47.06:323][  0]LogCollectionManager: Loaded 0 collections in 0.001871 seconds
[2018.06.15-00.47.06:389][  0]LogFileCache: Scanning file cache for directory 'C:/Users/Aluno/Downloads/shoot_3m_up-master/Saved/Collections/' took 0.01s
[2018.06.15-00.47.06:389][  0]LogFileCache: Scanning file cache for directory 'C:/Users/Aluno/Downloads/shoot_3m_up-master/Content/Developers/aluno/Collections/' took 0.01s
[2018.06.15-00.47.06:389][  0]LogFileCache: Scanning file cache for directory 'C:/Users/Aluno/Downloads/shoot_3m_up-master/Content/Collections/' took 0.01s
[2018.06.15-00.47.06:389][  0]LogCollectionManager: Rebuilt the GUID cache for 0 collections in 0.000001 seconds
[2018.06.15-00.47.06:402][  0]LogContentBrowser: Native class hierarchy populated in 0.0105 seconds. Added 2452 classes and 558 folders.
[2018.06.15-00.47.06:417][  0]LogContentBrowser: Native class hierarchy updated for 'WidgetCarousel' in 0.0003 seconds. Added 0 classes and 0 folders.
[2018.06.15-00.47.06:566][  0]LogContentBrowser: Native class hierarchy updated for 'AddContentDialog' in 0.0002 seconds. Added 0 classes and 0 folders.
[2018.06.15-00.47.06:578][  0]LogContentBrowser: Native class hierarchy updated for 'SceneOutliner' in 0.0002 seconds. Added 1 classes and 2 folders.
[2018.06.15-00.47.07:882][  0]LogSlate: Only BGRA pngs, bmps or icos are supported in by External Image Picker
[2018.06.15-00.47.07:906][  0]LogSlate: Took 0.001831 seconds to synchronously load lazily loaded font '../../../Engine/Content/Slate/Fonts/Roboto-Regular.ttf' (155K)
[2018.06.15-00.47.07:910][  0]LogSlate: Took 0.002125 seconds to synchronously load lazily loaded font '../../../Engine/Content/Slate/Fonts/Roboto-Bold.ttf' (160K)
[2018.06.15-00.47.07:919][  0]LogSlate: Took 0.001320 seconds to synchronously load lazily loaded font '../../../Engine/Content/Editor/Slate/Fonts/FontAwesome.ttf' (139K)
[2018.06.15-00.47.08:035][  0]LogTemp: Executing iPhonePackager certificates Engine -bundlename com.YourCompany.shootemup
[2018.06.15-00.47.08:035][  0]LogTemp: CWD: C:\Program Files\Epic Games\UE_4.19\Engine\Binaries\DotNET\IOS
[2018.06.15-00.47.08:035][  0]LogTemp: Initial Dir: C:\Program Files\Epic Games\UE_4.19
[2018.06.15-00.47.08:035][  0]LogTemp: Env CWD: C:\Program Files\Epic Games\UE_4.19\Engine\Binaries\DotNET\IOS
[2018.06.15-00.47.08:035][  0]LogTemp: BranchPath = LABSOFT25/C/Program Files/Epic Games/UE_4.19/Engine/Binaries --- GameBranchPath = LABSOFT25/C/Program Files/Epic Games/UE_4.19/Engine/Binaries
[2018.06.15-00.47.08:035][  0]LogRenderer: Reallocating scene render targets to support 904x456 Format 10 NumSamples 1 (Frame:1).
[2018.06.15-00.47.11:206][  0]LogTemp: IPP ERROR: Could not find provision directory 'C:\Users\Aluno\AppData\Local/Apple Computer/MobileDevice/Provisioning Profiles/'.
[2018.06.15-00.47.11:206][  0]LogSlate: Took 0.005046 seconds to synchronously load lazily loaded font '../../../Engine/Content/Slate/Fonts/Roboto-Light.ttf' (167K)
[2018.06.15-00.47.11:380][  0]LogContentBrowser: Native class hierarchy updated for 'HierarchicalLODOutliner' in 0.0003 seconds. Added 0 classes and 0 folders.
[2018.06.15-00.47.11:381][  0]LogLoad: (Engine Initialization) Total time: 21.25 seconds
[2018.06.15-00.47.11:381][  0]LogLoad: (Engine Initialization) Total Blueprint compile time: 0.00 seconds
[2018.06.15-00.47.11:587][  0]LogContentStreaming: Texture pool size now 1000 MB
[2018.06.15-00.47.12:006][  1]LogAssetRegistry: Asset discovery search completed in 13.5766 seconds
[2018.06.15-00.47.12:010][  1]LogCollectionManager: Rebuilt the object cache for 0 collections in 0.000000 seconds (found 0 objects)
[2018.06.15-00.47.12:010][  1]LogCollectionManager: Fixed up redirectors for 0 collections in 0.000063 seconds (updated 0 objects)
[2018.06.15-00.47.13:148][  5]LogSlate: Took 0.000900 seconds to synchronously load lazily loaded font '../../../Engine/Content/Slate/Fonts/Roboto-Light.ttf' (167K)
[2018.06.15-00.47.14:303][100]LogSlate: FSceneViewport::OnFocusLost() reason 0
[2018.06.15-00.47.14:433][111]LogSlate: Window 'Project Settings' being destroyed
[2018.06.15-00.47.14:442][111]LogSlate: Window 'Project Settings' being destroyed
[2018.06.15-00.47.15:797][239]LogSlate: FSceneViewport::OnFocusLost() reason 0
[2018.06.15-00.47.15:884][248]LogTemp: Repeating last play command: Selected Viewport
[2018.06.15-00.47.15:898][248]LogBlueprintUserMessages: Early PlayInEditor Detection: Level '/Game/TwinStickBP/Maps/TwinStickExampleMap.TwinStickExampleMap:PersistentLevel' has LevelScriptBlueprint '/Game/TwinStickBP/Maps/TwinStickExampleMap.TwinStickExampleMap:PersistentLevel.TwinStickExampleMap' with GeneratedClass '/Game/TwinStickBP/Maps/TwinStickExampleMap.TwinStickExampleMap_C' with ClassGeneratedBy '/Game/TwinStickBP/Maps/TwinStickExampleMap.TwinStickExampleMap:PersistentLevel.TwinStickExampleMap'
[2018.06.15-00.47.15:898][248]LogPlayLevel: PlayLevel: No blueprints needed recompiling
[2018.06.15-00.47.15:900][248]PIE: New page: PIE session: TwinStickExampleMap (14/06/2018 18:47:15)
[2018.06.15-00.47.15:900][248]LogPlayLevel: Creating play world package: /Game/TwinStickBP/Maps/UEDPIE_0_TwinStickExampleMap
[2018.06.15-00.47.15:908][248]LogPlayLevel: PIE: StaticDuplicateObject took: (0.007089s)
[2018.06.15-00.47.15:908][248]LogAIModule: Creating AISystem for world TwinStickExampleMap
[2018.06.15-00.47.15:909][248]LogPlayLevel: PIE: World Init took: (0.000997s)
[2018.06.15-00.47.15:909][248]LogPlayLevel: PIE: Created PIE world by copying editor world from /Game/TwinStickBP/Maps/TwinStickExampleMap.TwinStickExampleMap to /Game/TwinStickBP/Maps/UEDPIE_0_TwinStickExampleMap.TwinStickExampleMap (0.008251s)
[2018.06.15-00.47.15:924][248]LogInit: XAudio2 using 'Realtek Digital Output (Realtek High Definition Audio)' : 2 channels at 48 kHz using 16 bits per sample (channel mask 0x3)
[2018.06.15-00.47.15:956][248]LogInit: FAudioDevice initialized.
[2018.06.15-00.47.15:999][248]LogLoad: Game class is 'TwinStickGameMode_C'
[2018.06.15-00.47.16:001][248]LogWorld: Bringing World /Game/TwinStickBP/Maps/UEDPIE_0_TwinStickExampleMap.TwinStickExampleMap up for play (max tick rate 0) at 2018.06.14-21.47.16
[2018.06.15-00.47.16:003][248]LogWorld: Bringing up level for play took: 0.001940
[2018.06.15-00.47.16:009][248]LogContentBrowser: Native class hierarchy updated for 'MovieSceneCapture' in 0.0002 seconds. Added 11 classes and 0 folders.
[2018.06.15-00.47.16:010][248]PIE: Play in editor start time for /Game/TwinStickBP/Maps/UEDPIE_0_TwinStickExampleMap -0,504
[2018.06.15-00.47.16:010][248]LogBlueprintUserMessages: Late PlayInEditor Detection: Level '/Game/TwinStickBP/Maps/TwinStickExampleMap.TwinStickExampleMap:PersistentLevel' has LevelScriptBlueprint '/Game/TwinStickBP/Maps/TwinStickExampleMap.TwinStickExampleMap:PersistentLevel.TwinStickExampleMap' with GeneratedClass '/Game/TwinStickBP/Maps/TwinStickExampleMap.TwinStickExampleMap_C' with ClassGeneratedBy '/Game/TwinStickBP/Maps/TwinStickExampleMap.TwinStickExampleMap:PersistentLevel.TwinStickExampleMap'
[2018.06.15-00.47.18:732][333]LogBlueprintUserMessages: [Enemy_325] Colidi
[2018.06.15-00.47.19:645][365]LogBlueprintUserMessages: Early EndPlayMap Detection: Level '/Game/TwinStickBP/Maps/TwinStickExampleMap.TwinStickExampleMap:PersistentLevel' has LevelScriptBlueprint '/Game/TwinStickBP/Maps/TwinStickExampleMap.TwinStickExampleMap:PersistentLevel.TwinStickExampleMap' with GeneratedClass '/Game/TwinStickBP/Maps/TwinStickExampleMap.TwinStickExampleMap_C' with ClassGeneratedBy '/Game/TwinStickBP/Maps/TwinStickExampleMap.TwinStickExampleMap:PersistentLevel.TwinStickExampleMap'
[2018.06.15-00.47.19:682][365]LogBlueprintUserMessages: Late EndPlayMap Detection: Level '/Game/TwinStickBP/Maps/TwinStickExampleMap.TwinStickExampleMap:PersistentLevel' has LevelScriptBlueprint '/Game/TwinStickBP/Maps/TwinStickExampleMap.TwinStickExampleMap:PersistentLevel.TwinStickExampleMap' with GeneratedClass '/Game/TwinStickBP/Maps/TwinStickExampleMap.TwinStickExampleMap_C' with ClassGeneratedBy '/Game/TwinStickBP/Maps/TwinStickExampleMap.TwinStickExampleMap:PersistentLevel.TwinStickExampleMap'
[2018.06.15-00.47.20:363][414]LogSlate: FSceneViewport::OnFocusLost() reason 0
[2018.06.15-00.47.20:479][418]LogSlate: Window 'shoot_em_up - Unreal Editor' being destroyed
[2018.06.15-00.47.20:480][418]LogWindowsTextInputMethodSystem: Display: IME system now deactivated.
[2018.06.15-00.47.20:680][419]Cmd: QUIT_EDITOR
[2018.06.15-00.47.21:116][419]LogSlate: Slate User Destroyed.  User Index 0, Is Virtual User: 0
[2018.06.15-00.47.21:117][419]LogExit: Preparing to exit.
[2018.06.15-00.47.21:496][419]LogDirectoryWatcher: A directory notification for 'C:/Users/Aluno/Downloads/shoot_3m_up-master/Content/' was aborted.
[2018.06.15-00.47.21:567][419]LogExit: Editor shut down
[2018.06.15-00.47.21:573][419]LogExit: Transaction tracking system shut down
[2018.06.15-00.47.21:773][419]LogDirectoryWatcher: A directory notification for '../../../Engine/Content/' was aborted.
[2018.06.15-00.47.21:773][419]LogDirectoryWatcher: A directory notification for '../../../../../../Users/Aluno/Downloads/shoot_3m_up-master/Content/' was aborted.
[2018.06.15-00.47.21:773][419]LogDirectoryWatcher: A directory notification for '../../Plugins/2D/Paper2D/Content/' was aborted.
[2018.06.15-00.47.21:773][419]LogDirectoryWatcher: A directory notification for '../../Plugins/Enterprise/DatasmithContent/Content/' was aborted.
[2018.06.15-00.47.21:773][419]LogDirectoryWatcher: A directory notification for '../../Plugins/Media/MediaCompositing/Content/' was aborted.
[2018.06.15-00.47.21:773][419]LogDirectoryWatcher: A directory notification for '../../Plugins/Runtime/AppleARKit/Content/' was aborted.
[2018.06.15-00.47.21:773][419]LogDirectoryWatcher: A directory notification for '../../Plugins/Runtime/Oculus/OculusVR/Content/' was aborted.
[2018.06.15-00.47.21:773][419]LogDirectoryWatcher: A directory notification for '../../Plugins/Runtime/Steam/SteamVR/Content/' was aborted.
[2018.06.15-00.47.21:843][419]LogExit: Object subsystem successfully closed.
[2018.06.15-00.47.21:989][419]LogShaderCompilers: Display: Shaders left to compile 0
[2018.06.15-00.47.21:992][419]LogD3D11RHI: Shutdown
[2018.06.15-00.47.21:992][419]LogD3D11RHI: CleanupD3DDevice
[2018.06.15-00.47.22:058][419]LogD3D11RHI: ~FD3D11DynamicRHI
[2018.06.15-00.47.22:079][419]LogModuleManager: Shutting down and abandoning module MovieSceneCapture (578)
[2018.06.15-00.47.22:079][419]LogModuleManager: Shutting down and abandoning module HierarchicalLODOutliner (576)
[2018.06.15-00.47.22:079][419]LogModuleManager: Shutting down and abandoning module ExternalImagePicker (574)
[2018.06.15-00.47.22:079][419]LogModuleManager: Shutting down and abandoning module SceneOutliner (572)
[2018.06.15-00.47.22:079][419]LogModuleManager: Shutting down and abandoning module AddContentDialog (570)
[2018.06.15-00.47.22:080][419]LogDirectoryWatcher: A directory notification for 'C:/Program Files/Epic Games/UE_4.19/FeaturePacks/' was aborted.
[2018.06.15-00.47.22:080][419]LogModuleManager: Shutting down and abandoning module WidgetCarousel (569)
[2018.06.15-00.47.22:080][419]LogModuleManager: Shutting down and abandoning module EditorWidgets (566)
[2018.06.15-00.47.22:080][419]LogModuleManager: Shutting down and abandoning module CollectionManager (564)
[2018.06.15-00.47.22:080][419]LogDirectoryWatcher: A directory notification for 'C:/Users/Aluno/Downloads/shoot_3m_up-master/Content/Collections/' was aborted.
[2018.06.15-00.47.22:080][419]LogDirectoryWatcher: A directory notification for 'C:/Users/Aluno/Downloads/shoot_3m_up-master/Content/Developers/aluno/Collections/' was aborted.
[2018.06.15-00.47.22:080][419]LogDirectoryWatcher: A directory notification for 'C:/Users/Aluno/Downloads/shoot_3m_up-master/Saved/Collections/' was aborted.
[2018.06.15-00.47.22:081][419]LogModuleManager: Shutting down and abandoning module StatsViewer (562)
[2018.06.15-00.47.22:081][419]LogModuleManager: Shutting down and abandoning module FoliageEdit (560)
[2018.06.15-00.47.22:081][419]LogModuleManager: Shutting down and abandoning module LandscapeEditor (558)
[2018.06.15-00.47.22:081][419]LogModuleManager: Shutting down and abandoning module MeshPaintMode (556)
[2018.06.15-00.47.22:081][419]LogModuleManager: Shutting down and abandoning module SceneDepthPickerMode (554)
[2018.06.15-00.47.22:081][419]LogModuleManager: Shutting down and abandoning module ActorPickerMode (552)
[2018.06.15-00.47.22:081][419]LogModuleManager: Shutting down and abandoning module GeometryMode (550)
[2018.06.15-00.47.22:081][419]LogModuleManager: Shutting down and abandoning module TextureAlignMode (548)
[2018.06.15-00.47.22:081][419]LogModuleManager: Shutting down and abandoning module BspMode (546)
[2018.06.15-00.47.22:081][419]LogModuleManager: Shutting down and abandoning module PIEPreviewDeviceProfileSelector (544)
[2018.06.15-00.47.22:081][419]LogModuleManager: Shutting down and abandoning module HardwareSurvey (542)
[2018.06.15-00.47.22:081][419]LogModuleManager: Shutting down and abandoning module SequenceRecorderSections (540)
[2018.06.15-00.47.22:081][419]LogModuleManager: Shutting down and abandoning module AutomationWorker (538)
[2018.06.15-00.47.22:081][419]LogModuleManager: Shutting down and abandoning module AudioCaptureEditor (536)
[2018.06.15-00.47.22:081][419]LogModuleManager: Shutting down and abandoning module SequenceRecorder (535)
[2018.06.15-00.47.22:081][419]LogModuleManager: Shutting down and abandoning module MatineeToLevelSequence (532)
[2018.06.15-00.47.22:081][419]LogModuleManager: Shutting down and abandoning module LevelSequenceEditor (530)
[2018.06.15-00.47.22:082][419]LogModuleManager: Shutting down and abandoning module PlacementMode (529)
[2018.06.15-00.47.22:082][419]LogModuleManager: Shutting down and abandoning module MaterialEditor (528)
[2018.06.15-00.47.22:085][419]LogModuleManager: Shutting down and abandoning module WmfMediaFactory (524)
[2018.06.15-00.47.22:085][419]LogModuleManager: Shutting down and abandoning module WmfMediaEditor (522)
[2018.06.15-00.47.22:085][419]LogModuleManager: Shutting down and abandoning module MediaPlayerEditor (520)
[2018.06.15-00.47.22:085][419]LogModuleManager: Shutting down and abandoning module OpenExrWrapper (518)
[2018.06.15-00.47.22:085][419]LogModuleManager: Shutting down and abandoning module ImgMediaFactory (516)
[2018.06.15-00.47.22:085][419]LogModuleManager: Shutting down and abandoning module ImgMediaEditor (514)
[2018.06.15-00.47.22:085][419]LogModuleManager: Shutting down and abandoning module AvfMediaFactory (512)
[2018.06.15-00.47.22:085][419]LogModuleManager: Shutting down and abandoning module AvfMediaEditor (510)
[2018.06.15-00.47.22:085][419]LogModuleManager: Shutting down and abandoning module AndroidMediaFactory (508)
[2018.06.15-00.47.22:085][419]LogModuleManager: Shutting down and abandoning module AndroidMediaEditor (506)
[2018.06.15-00.47.22:085][419]LogModuleManager: Shutting down and abandoning module CharacterAI (504)
[2018.06.15-00.47.22:085][419]LogModuleManager: Shutting down and abandoning module SmartSnapping (502)
[2018.06.15-00.47.22:085][419]LogModuleManager: Shutting down and abandoning module SessionServices (500)
[2018.06.15-00.47.22:085][419]LogModuleManager: Shutting down and abandoning module ViewportSnapping (498)
[2018.06.15-00.47.22:085][419]LogModuleManager: Shutting down and abandoning module ViewportInteraction (496)
[2018.06.15-00.47.22:085][419]LogModuleManager: Shutting down and abandoning module ClothPainter (494)
[2018.06.15-00.47.22:086][419]LogModuleManager: Shutting down and abandoning module SkeletalMeshEditor (493)
[2018.06.15-00.47.22:087][419]LogModuleManager: Shutting down and abandoning module LogVisualizer (490)
[2018.06.15-00.47.22:087][419]LogModuleManager: Shutting down and abandoning module IntroTutorials (488)
[2018.06.15-00.47.22:087][419]LogModuleManager: Shutting down and abandoning module GameProjectGeneration (487)
[2018.06.15-00.47.22:088][419]LogModuleManager: Shutting down and abandoning module IOSPlatformEditor (484)
[2018.06.15-00.47.22:088][419]LogModuleManager: Shutting down and abandoning module HTML5PlatformEditor (482)
[2018.06.15-00.47.22:088][419]LogModuleManager: Shutting down and abandoning module AndroidPlatformEditor (480)
[2018.06.15-00.47.22:088][419]LogModuleManager: Shutting down and abandoning module AndroidDeviceDetection (479)
[2018.06.15-00.47.22:542][419]LogModuleManager: Shutting down and abandoning module WindowsPlatformEditor (476)
[2018.06.15-00.47.22:542][419]LogModuleManager: Shutting down and abandoning module IOSRuntimeSettings (474)
[2018.06.15-00.47.22:542][419]LogModuleManager: Shutting down and abandoning module AndroidRuntimeSettings (472)
[2018.06.15-00.47.22:542][419]LogModuleManager: Shutting down and abandoning module InputBindingEditor (470)
[2018.06.15-00.47.22:542][419]LogModuleManager: Shutting down and abandoning module MergeActors (468)
[2018.06.15-00.47.22:543][419]LogModuleManager: Shutting down and abandoning module LocalizationDashboard (466)
[2018.06.15-00.47.22:544][419]LogModuleManager: Shutting down and abandoning module LocalizationService (465)
[2018.06.15-00.47.22:544][419]LogModuleManager: Shutting down and abandoning module HardwareTargeting (462)
[2018.06.15-00.47.22:544][419]LogModuleManager: Shutting down and abandoning module DeviceProfileEditor (460)
[2018.06.15-00.47.22:544][419]LogModuleManager: Shutting down and abandoning module UndoHistory (458)
[2018.06.15-00.47.22:544][419]LogModuleManager: Shutting down and abandoning module XmlParser (456)
[2018.06.15-00.47.22:544][419]LogModuleManager: Shutting down and abandoning module Blutility (454)
[2018.06.15-00.47.22:544][419]LogModuleManager: Shutting down and abandoning module ProjectSettingsViewer (452)
[2018.06.15-00.47.22:544][419]LogModuleManager: Shutting down and abandoning module ProjectTargetPlatformEditor (451)
[2018.06.15-00.47.22:544][419]LogModuleManager: Shutting down and abandoning module EditorSettingsViewer (448)
[2018.06.15-00.47.22:544][419]LogModuleManager: Shutting down and abandoning module SettingsEditor (446)
[2018.06.15-00.47.22:544][419]LogModuleManager: Shutting down and abandoning module ProjectLauncher (444)
[2018.06.15-00.47.22:544][419]LogModuleManager: Shutting down and abandoning module SessionFrontend (442)
[2018.06.15-00.47.22:544][419]LogModuleManager: Shutting down and abandoning module ProfilerClient (440)
[2018.06.15-00.47.22:545][419]LogModuleManager: Shutting down and abandoning module DeviceManager (438)
[2018.06.15-00.47.22:545][419]LogModuleManager: Shutting down and abandoning module TargetDeviceServices (437)
[2018.06.15-00.47.22:608][419]LogModuleManager: Shutting down and abandoning module AutomationController (434)
[2018.06.15-00.47.22:608][419]LogModuleManager: Shutting down and abandoning module AutomationWindow (432)
[2018.06.15-00.47.22:609][419]LogModuleManager: Shutting down and abandoning module Layers (430)
[2018.06.15-00.47.22:611][419]LogModuleManager: Shutting down and abandoning module ComponentVisualizers (428)
[2018.06.15-00.47.22:611][419]LogModuleManager: Shutting down and abandoning module DetailCustomizations (426)
[2018.06.15-00.47.22:611][419]LogModuleManager: Shutting down and abandoning module PackagesDialog (424)
[2018.06.15-00.47.22:611][419]LogModuleManager: Shutting down and abandoning module Persona (422)
[2018.06.15-00.47.22:612][419]LogModuleManager: Shutting down and abandoning module AdvancedPreviewScene (421)
[2018.06.15-00.47.22:612][419]LogModuleManager: Shutting down and abandoning module AnimGraph (419)
[2018.06.15-00.47.22:612][419]LogModuleManager: Shutting down and abandoning module Kismet (416)
[2018.06.15-00.47.22:612][419]LogModuleManager: Shutting down and abandoning module GraphEditor (414)
[2018.06.15-00.47.22:615][419]LogModuleManager: Shutting down and abandoning module ClassViewer (412)
[2018.06.15-00.47.22:615][419]LogModuleManager: Shutting down and abandoning module Toolbox (410)
[2018.06.15-00.47.22:615][419]LogModuleManager: Shutting down and abandoning module ModuleUI (408)
[2018.06.15-00.47.22:615][419]LogModuleManager: Shutting down and abandoning module MovieSceneTools (406)
[2018.06.15-00.47.22:615][419]LogModuleManager: Shutting down and abandoning module OutputLog (404)
[2018.06.15-00.47.22:616][419]LogModuleManager: Shutting down and abandoning module GammaUI (402)
[2018.06.15-00.47.22:616][419]LogModuleManager: Shutting down and abandoning module Documentation (400)
[2018.06.15-00.47.22:616][419]LogModuleManager: Shutting down and abandoning module MovieSceneTracks (398)
[2018.06.15-00.47.22:617][419]LogModuleManager: Shutting down and abandoning module MovieScene (396)
[2018.06.15-00.47.22:617][419]LogModuleManager: Shutting down and abandoning module StreamingPauseRendering (394)
[2018.06.15-00.47.22:617][419]LogModuleManager: Shutting down and abandoning module LauncherPlatform (392)
[2018.06.15-00.47.22:617][419]LogModuleManager: Shutting down and abandoning module AnalyticsET (390)
[2018.06.15-00.47.22:617][419]LogModuleManager: Shutting down and abandoning module PortalServices (388)
[2018.06.15-00.47.22:617][419]LogModuleManager: Shutting down and abandoning module PortalRpc (386)
[2018.06.15-00.47.22:617][419]LogModuleManager: Shutting down and abandoning module MessagingRpc (384)
[2018.06.15-00.47.22:617][419]LogModuleManager: Shutting down and abandoning module AIModule (382)
[2018.06.15-00.47.22:617][419]LogModuleManager: Shutting down and abandoning module GameplayDebugger (381)
[2018.06.15-00.47.22:617][419]LogModuleManager: Shutting down and abandoning module AITestSuite (379)
[2018.06.15-00.47.22:617][419]LogModuleManager: Shutting down and abandoning module DesktopPlatform (376)
[2018.06.15-00.47.22:617][419]LogModuleManager: Shutting down and abandoning module ProfilerService (374)
[2018.06.15-00.47.22:804][419]LogModuleManager: Shutting down and abandoning module TaskGraph (372)
[2018.06.15-00.47.22:804][419]LogModuleManager: Shutting down and abandoning module SteamVRController (370)
[2018.06.15-00.47.22:804][419]LogModuleManager: Shutting down and abandoning module ProceduralMeshComponentEditor (368)
[2018.06.15-00.47.22:804][419]LogModuleManager: Shutting down and abandoning module ProceduralMeshComponent (366)
[2018.06.15-00.47.22:804][419]LogModuleManager: Shutting down and abandoning module OculusInput (364)
[2018.06.15-00.47.22:804][419]LogModuleManager: Shutting down and abandoning module MobilePatchingUtils (362)
[2018.06.15-00.47.22:804][419]LogModuleManager: Shutting down and abandoning module CustomMeshComponent (360)
[2018.06.15-00.47.22:804][419]LogModuleManager: Shutting down and abandoning module CableComponent (358)
[2018.06.15-00.47.22:804][419]LogModuleManager: Shutting down and abandoning module AudioCapture (356)
[2018.06.15-00.47.22:804][419]LogModuleManager: Shutting down and abandoning module ArchVisCharacter (354)
[2018.06.15-00.47.22:804][419]LogModuleManager: Shutting down and abandoning module AndroidPermission (352)
[2018.06.15-00.47.22:805][419]LogModuleManager: Shutting down and abandoning module NUTUnrealEngine4 (348)
[2018.06.15-00.47.22:805][419]LogModuleManager: Shutting down and abandoning module NetcodeUnitTest (346)
[2018.06.15-00.47.22:805][419]LogModuleManager: Shutting down and abandoning module MediaCompositingEditor (344)
[2018.06.15-00.47.22:805][419]LogModuleManager: Shutting down and abandoning module MediaCompositing (342)
[2018.06.15-00.47.22:805][419]LogModuleManager: Shutting down and abandoning module LinearTimecode (340)
[2018.06.15-00.47.22:805][419]LogModuleManager: Shutting down and abandoning module ImgMedia (338)
[2018.06.15-00.47.22:808][419]LogModuleManager: Shutting down and abandoning module Media (337)
[2018.06.15-00.47.22:814][419]LogModuleManager: Shutting down and abandoning module HTML5Networking (334)
[2018.06.15-00.47.22:814][419]LogModuleManager: Shutting down and abandoning module AlembicImporter (332)
[2018.06.15-00.47.22:815][419]LogModuleManager: Shutting down and abandoning module AlembicLibrary (331)
[2018.06.15-00.47.22:815][419]LogModuleManager: Shutting down and abandoning module GeometryCache (330)
[2018.06.15-00.47.22:815][419]LogModuleManager: Shutting down and abandoning module GeometryCacheEd (329)
[2018.06.15-00.47.22:815][419]LogModuleManager: Shutting down and abandoning module DatasmithContent (324)
[2018.06.15-00.47.22:815][419]LogModuleManager: Shutting down and abandoning module SpeedTreeImporter (322)
[2018.06.15-00.47.22:815][419]LogModuleManager: Shutting down and abandoning module PluginBrowser (320)
[2018.06.15-00.47.22:815][419]LogModuleManager: Shutting down and abandoning module MobileLauncherProfileWizard (318)
[2018.06.15-00.47.22:816][419]LogModuleManager: Shutting down and abandoning module CryptoKeysOpenSSL (316)
[2018.06.15-00.47.22:816][419]LogModuleManager: Shutting down and abandoning module CryptoKeys (314)
[2018.06.15-00.47.22:816][419]LogModuleManager: Shutting down and abandoning module VisualStudioSourceCodeAccess (312)
[2018.06.15-00.47.22:816][419]LogModuleManager: Shutting down and abandoning module VisualStudioCodeSourceCodeAccess (310)
[2018.06.15-00.47.22:816][419]LogModuleManager: Shutting down and abandoning module UObjectPlugin (308)
[2018.06.15-00.47.22:816][419]LogModuleManager: Shutting down and abandoning module SubversionSourceControl (306)
[2018.06.15-00.47.22:816][419]LogModuleManager: Shutting down and abandoning module PerforceSourceControl (304)
[2018.06.15-00.47.22:816][419]LogModuleManager: Shutting down and abandoning module GitSourceControl (302)
[2018.06.15-00.47.22:816][419]LogModuleManager: Shutting down and abandoning module SourceControl (301)
[2018.06.15-00.47.22:816][419]LogModuleManager: Shutting down and abandoning module CLionSourceCodeAccess (298)
[2018.06.15-00.47.22:816][419]LogModuleManager: Shutting down and abandoning module LightPropagationVolumeEditor (296)
[2018.06.15-00.47.22:816][419]LogModuleManager: Shutting down and abandoning module PaperTiledImporter (294)
[2018.06.15-00.47.22:816][419]LogModuleManager: Shutting down and abandoning module PaperSpriteSheetImporter (292)
[2018.06.15-00.47.22:816][419]LogModuleManager: Shutting down and abandoning module Paper2DEditor (290)
[2018.06.15-00.47.22:817][419]LogModuleManager: Shutting down and abandoning module MeshPaint (289)
[2018.06.15-00.47.22:817][419]LogModuleManager: Shutting down and abandoning module RuntimePhysXCooking (286)
[2018.06.15-00.47.22:817][419]LogModuleManager: Shutting down and abandoning module PhysXVehiclesEditor (284)
[2018.06.15-00.47.22:817][419]LogModuleManager: Shutting down and abandoning module PhysXVehicles (282)
[2018.06.15-00.47.22:817][419]LogModuleManager: Shutting down and abandoning module OculusEditor (280)
[2018.06.15-00.47.22:817][419]LogModuleManager: Shutting down and abandoning module LocationServicesBPLibrary (278)
[2018.06.15-00.47.22:817][419]LogModuleManager: Shutting down and abandoning module ImmediatePhysicsEditor (276)
[2018.06.15-00.47.22:817][419]LogModuleManager: Shutting down and abandoning module ImmediatePhysics (274)
[2018.06.15-00.47.22:817][419]LogModuleManager: Shutting down and abandoning module ActorSequence (272)
[2018.06.15-00.47.22:817][419]LogModuleManager: Shutting down and abandoning module UdpMessaging (270)
[2018.06.15-00.47.22:918][419]LogModuleManager: Shutting down and abandoning module TcpMessaging (268)
[2018.06.15-00.47.23:019][419]LogModuleManager: Shutting down and abandoning module GameplayTagsEditor (266)
[2018.06.15-00.47.23:019][419]LogModuleManager: Shutting down and abandoning module FacialAnimationEditor (264)
[2018.06.15-00.47.23:019][419]LogModuleManager: Shutting down and abandoning module FacialAnimation (262)
[2018.06.15-00.47.23:019][419]LogModuleManager: Shutting down and abandoning module DataValidation (260)
[2018.06.15-00.47.23:020][419]LogModuleManager: Shutting down and abandoning module AssetManagerEditor (258)
[2018.06.15-00.47.23:021][419]LogModuleManager: Shutting down and abandoning module LevelEditor (257)
[2018.06.15-00.47.23:021][419]LogModuleManager: Shutting down and abandoning module PixelInspectorModule (256)
[2018.06.15-00.47.23:021][419]LogModuleManager: Shutting down and abandoning module CommonMenuExtensions (254)
[2018.06.15-00.47.23:021][419]LogModuleManager: Shutting down and abandoning module MainFrame (252)
[2018.06.15-00.47.23:021][419]LogModuleManager: Shutting down and abandoning module HotReload (251)
[2018.06.15-00.47.23:022][419]LogModuleManager: Shutting down and abandoning module ContentBrowser (247)
[2018.06.15-00.47.23:022][419]LogModuleManager: Shutting down and abandoning module TreeMap (245)
[2018.06.15-00.47.23:022][419]LogModuleManager: Shutting down and abandoning module LightPropagationVolumeRuntime (242)
[2018.06.15-00.47.23:022][419]LogModuleManager: Shutting down and abandoning module LiveLinkEditor (240)
[2018.06.15-00.47.23:022][419]LogModuleManager: Shutting down and abandoning module LiveLink (238)
[2018.06.15-00.47.23:994][419]LogModuleManager: Shutting down and abandoning module Paper2D (236)
[2018.06.15-00.47.23:994][419]LogModuleManager: Shutting down and abandoning module WindowsMoviePlayer (234)
[2018.06.15-00.47.23:994][419]LogModuleManager: Shutting down and abandoning module WmfMedia (232)
[2018.06.15-00.47.23:995][419]LogModuleManager: Shutting down and abandoning module PacketHandler (230)
[2018.06.15-00.47.23:995][419]LogModuleManager: Shutting down and abandoning module ClothingSystemEditor (228)
[2018.06.15-00.47.23:995][419]LogModuleManager: Shutting down and abandoning module ClothingSystemRuntime (226)
[2018.06.15-00.47.23:997][419]LogModuleManager: Shutting down and abandoning module MediaAssets (224)
[2018.06.15-00.47.23:997][419]LogModuleManager: Shutting down and abandoning module Overlay (222)
[2018.06.15-00.47.23:997][419]LogModuleManager: Shutting down and abandoning module OverlayEditor (221)
[2018.06.15-00.47.23:997][419]LogModuleManager: Shutting down and abandoning module VREditor (218)
[2018.06.15-00.47.23:997][419]LogModuleManager: Shutting down and abandoning module StringTableEditor (216)
[2018.06.15-00.47.23:997][419]LogModuleManager: Shutting down and abandoning module GameplayTasksEditor (214)
[2018.06.15-00.47.23:997][419]LogModuleManager: Shutting down and abandoning module BehaviorTreeEditor (212)
[2018.06.15-00.47.23:998][419]LogModuleManager: Shutting down and abandoning module FunctionalTesting (210)
[2018.06.15-00.47.23:998][419]LogModuleManager: Shutting down and abandoning module CollisionAnalyzer (208)
[2018.06.15-00.47.23:998][419]LogModuleManager: Shutting down and abandoning module WorkspaceMenuStructure (207)
[2018.06.15-00.47.23:998][419]LogModuleManager: Shutting down and abandoning module UMG (204)
[2018.06.15-00.47.23:998][419]LogModuleManager: Shutting down and abandoning module UMGEditor (203)
[2018.06.15-00.47.24:001][419]LogModuleManager: Shutting down and abandoning module Sequencer (202)
[2018.06.15-00.47.24:002][419]LogModuleManager: Shutting down and abandoning module MessageLog (199)
[2018.06.15-00.47.24:002][419]LogModuleManager: Shutting down and abandoning module SlateReflector (194)
[2018.06.15-00.47.24:004][419]LogModuleManager: Shutting down and abandoning module Slate (192)
[2018.06.15-00.47.24:004][419]LogModuleManager: Shutting down and abandoning module EditorStyle (190)
[2018.06.15-00.47.24:005][419]LogModuleManager: Shutting down and abandoning module MRMesh (188)
[2018.06.15-00.47.24:005][419]LogModuleManager: Shutting down and abandoning module SourceCodeAccess (186)
[2018.06.15-00.47.24:005][419]LogModuleManager: Shutting down and abandoning module HeadMountedDisplay (184)
[2018.06.15-00.47.24:005][419]LogModuleManager: Shutting down and abandoning module XAudio2 (182)
[2018.06.15-00.47.24:005][419]LogModuleManager: Shutting down and abandoning module Networking (180)
[2018.06.15-00.47.24:005][419]LogModuleManager: Shutting down and abandoning module Core (178)
[2018.06.15-00.47.24:005][419]LogModuleManager: Shutting down and abandoning module LevelSequence (176)
[2018.06.15-00.47.24:005][419]LogModuleManager: Shutting down and abandoning module KismetCompiler (174)
[2018.06.15-00.47.24:006][419]LogModuleManager: Shutting down and abandoning module MeshUtilities (172)
[2018.06.15-00.47.24:007][419]LogModuleManager: Shutting down and abandoning module MeshMergeUtilities (171)
[2018.06.15-00.47.24:007][419]LogModuleManager: Shutting down and abandoning module MeshReductionInterface (170)
[2018.06.15-00.47.24:007][419]LogModuleManager: Shutting down and abandoning module SimplygonSwarm (169)
[2018.06.15-00.47.24:007][419]LogModuleManager: Shutting down and abandoning module SimplygonMeshReduction (167)
[2018.06.15-00.47.24:007][419]LogModuleManager: Shutting down and abandoning module QuadricMeshReduction (165)
[2018.06.15-00.47.24:007][419]LogModuleManager: Shutting down and abandoning module MaterialBaking (161)
[2018.06.15-00.47.24:007][419]LogModuleManager: Shutting down and abandoning module DirectoryWatcher (157)
[2018.06.15-00.47.24:007][419]LogModuleManager: Shutting down and abandoning module DerivedDataCache (154)
[2018.06.15-00.47.24:461][419]LogDerivedDataCache: Shutdown
[2018.06.15-00.47.24:461][419]LogModuleManager: Shutting down and abandoning module XGEController (152)
[2018.06.15-00.47.24:461][419]LogXGEController: Cleaning working directory: C:/Users/Aluno/AppData/Local/Temp/UnrealXGEWorkingDir/
[2018.06.15-00.47.24:461][419]LogModuleManager: Shutting down and abandoning module TargetPlatform (150)
[2018.06.15-00.47.24:461][419]LogModuleManager: Shutting down and abandoning module VulkanShaderFormat (149)
[2018.06.15-00.47.24:461][419]LogModuleManager: Shutting down and abandoning module ShaderFormatVectorVM (147)
[2018.06.15-00.47.24:462][419]LogModuleManager: Shutting down and abandoning module ShaderFormatOpenGL (145)
[2018.06.15-00.47.24:462][419]LogModuleManager: Shutting down and abandoning module ShaderFormatD3D (143)
[2018.06.15-00.47.24:462][419]LogModuleManager: Shutting down and abandoning module MetalShaderFormat (141)
[2018.06.15-00.47.24:464][419]LogModuleManager: Shutting down and abandoning module TextureFormatUncompressed (139)
[2018.06.15-00.47.24:464][419]LogModuleManager: Shutting down and abandoning module TextureFormatPVR (137)
[2018.06.15-00.47.24:464][419]LogModuleManager: Shutting down and abandoning module TextureFormatDXT (135)
[2018.06.15-00.47.24:464][419]LogModuleManager: Shutting down and abandoning module TextureFormatIntelISPCTexComp (133)
[2018.06.15-00.47.24:464][419]LogModuleManager: Shutting down and abandoning module TextureFormatASTC (131)
[2018.06.15-00.47.24:464][419]LogModuleManager: Shutting down and abandoning module ImageWrapper (130)
[2018.06.15-00.47.24:464][419]LogModuleManager: Shutting down and abandoning module TextureFormatAndroid (127)
[2018.06.15-00.47.24:464][419]LogModuleManager: Shutting down and abandoning module AudioFormatOpus (125)
[2018.06.15-00.47.24:464][419]LogModuleManager: Shutting down and abandoning module AudioFormatOgg (123)
[2018.06.15-00.47.24:464][419]LogModuleManager: Shutting down and abandoning module AudioFormatADPCM (121)
[2018.06.15-00.47.24:464][419]LogModuleManager: Shutting down and abandoning module LinuxTargetPlatform (119)
[2018.06.15-00.47.24:464][419]LogModuleManager: Shutting down and abandoning module LinuxServerTargetPlatform (117)
[2018.06.15-00.47.24:464][419]LogModuleManager: Shutting down and abandoning module LinuxNoEditorTargetPlatform (115)
[2018.06.15-00.47.24:464][419]LogModuleManager: Shutting down and abandoning module LinuxClientTargetPlatform (113)
[2018.06.15-00.47.24:464][419]LogModuleManager: Shutting down and abandoning module TVOSTargetPlatform (111)
[2018.06.15-00.47.24:464][419]LogModuleManager: Shutting down and abandoning module Messaging (109)
[2018.06.15-00.47.24:464][419]LogModuleManager: Shutting down and abandoning module IOSTargetPlatform (107)
[2018.06.15-00.47.24:464][419]LogModuleManager: Shutting down and abandoning module HTML5TargetPlatform (105)
[2018.06.15-00.47.24:464][419]LogModuleManager: Shutting down and abandoning module AndroidTargetPlatform (103)
[2018.06.15-00.47.24:464][419]LogModuleManager: Shutting down and abandoning module Android_PVRTCTargetPlatform (101)
[2018.06.15-00.47.24:464][419]LogModuleManager: Shutting down and abandoning module Android_MultiTargetPlatform (99)
[2018.06.15-00.47.24:464][419]LogModuleManager: Shutting down and abandoning module Android_ETC2TargetPlatform (97)
[2018.06.15-00.47.24:464][419]LogModuleManager: Shutting down and abandoning module Android_ETC1TargetPlatform (95)
[2018.06.15-00.47.24:464][419]LogModuleManager: Shutting down and abandoning module Android_ETC1aTargetPlatform (93)
[2018.06.15-00.47.24:464][419]LogModuleManager: Shutting down and abandoning module Android_DXTTargetPlatform (91)
[2018.06.15-00.47.24:464][419]LogModuleManager: Shutting down and abandoning module Android_ATCTargetPlatform (89)
[2018.06.15-00.47.24:464][419]LogModuleManager: Shutting down and abandoning module Android_ASTCTargetPlatform (87)
[2018.06.15-00.47.24:464][419]LogModuleManager: Shutting down and abandoning module WindowsTargetPlatform (85)
[2018.06.15-00.47.24:464][419]LogModuleManager: Shutting down and abandoning module WindowsServerTargetPlatform (83)
[2018.06.15-00.47.24:464][419]LogModuleManager: Shutting down and abandoning module WindowsNoEditorTargetPlatform (81)
[2018.06.15-00.47.24:464][419]LogModuleManager: Shutting down and abandoning module WindowsClientTargetPlatform (79)
[2018.06.15-00.47.24:464][419]LogModuleManager: Shutting down and abandoning module MacTargetPlatform (77)
[2018.06.15-00.47.24:464][419]LogModuleManager: Shutting down and abandoning module MacServerTargetPlatform (75)
[2018.06.15-00.47.24:464][419]LogModuleManager: Shutting down and abandoning module MacNoEditorTargetPlatform (73)
[2018.06.15-00.47.24:464][419]LogModuleManager: Shutting down and abandoning module MacClientTargetPlatform (71)
[2018.06.15-00.47.24:464][419]LogModuleManager: Shutting down and abandoning module AllDesktopTargetPlatform (69)
[2018.06.15-00.47.24:464][419]LogModuleManager: Shutting down and abandoning module InputCore (66)
[2018.06.15-00.47.24:464][419]LogModuleManager: Shutting down and abandoning module Settings (64)
[2018.06.15-00.47.24:464][419]LogModuleManager: Shutting down and abandoning module PhysXCooking (62)
[2018.06.15-00.47.24:464][419]LogModuleManager: Shutting down and abandoning module SteamVR (60)
[2018.06.15-00.47.24:464][419]LogModuleManager: Shutting down and abandoning module OculusHMD (58)
[2018.06.15-00.47.24:465][419]LogModuleManager: Shutting down and abandoning module ExampleDeviceProfileSelector (56)
[2018.06.15-00.47.24:465][419]LogModuleManager: Shutting down and abandoning module AppleARKit (54)
[2018.06.15-00.47.24:465][419]LogModuleManager: Shutting down and abandoning module AugmentedReality (51)
[2018.06.15-00.47.24:465][419]LogModuleManager: Shutting down and abandoning module OnlineBlueprintSupport (48)
[2018.06.15-00.47.24:465][419]LogModuleManager: Shutting down and abandoning module OnlineSubsystem (44)
[2018.06.15-00.47.24:465][419]LogModuleManager: Shutting down and abandoning module XMPP (43)
[2018.06.15-00.47.24:466][419]LogModuleManager: Shutting down and abandoning module HTTP (41)
[2018.06.15-00.47.24:466][419]LogHttp: Display: Http module shutting down, but needs to wait on 1 outstanding Http requests:
[2018.06.15-00.47.24:466][419]LogHttp: Display: 	verb=[POST] url=[https://datarouter.ol.epicgames.com/datarouter/api/v1/public/data?SessionID=%7B637DE405-460A-C518-BC8E-25AB4EB66418%7D&AppID=UEEditor.Rocket.Release&AppVersion=4.19.1-3989454%2B%2B%2BUE4%2BRelease-4.19&UserID=02032c2847a79ab7ecf14a83074cdc7f%7C25ef5009ba0549f69a8e1695bc6dee71%7Cb2802b11-6531-4fb8-a7bb-0b6c8add3e4c&AppEnvironment=datacollector-binary&UploadType=eteventstream] status=Processing
[2018.06.15-00.47.24:471][419]LogModuleManager: Shutting down and abandoning module SSL (40)
[2018.06.15-00.47.24:471][419]LogModuleManager: Shutting down and abandoning module AnimationModifiers (36)
[2018.06.15-00.47.24:471][419]LogModuleManager: Shutting down and abandoning module PropertyEditor (35)
[2018.06.15-00.47.24:472][419]LogModuleManager: Shutting down and abandoning module AudioEditor (32)
[2018.06.15-00.47.24:473][419]LogModuleManager: Shutting down and abandoning module TextureCompressor (30)
[2018.06.15-00.47.24:474][419]LogModuleManager: Shutting down and abandoning module ShaderCore (28)
[2018.06.15-00.47.24:475][419]LogModuleManager: Shutting down and abandoning module Landscape (26)
[2018.06.15-00.47.24:475][419]LogModuleManager: Shutting down and abandoning module SlateRHIRenderer (24)
[2018.06.15-00.47.24:475][419]LogModuleManager: Shutting down and abandoning module OpenGLDrv (22)
[2018.06.15-00.47.24:476][419]LogModuleManager: Shutting down and abandoning module D3D11RHI (20)
[2018.06.15-00.47.24:476][419]LogModuleManager: Shutting down and abandoning module AnimGraphRuntime (18)
[2018.06.15-00.47.24:476][419]LogModuleManager: Shutting down and abandoning module Renderer (16)
[2018.06.15-00.47.24:476][419]LogModuleManager: Shutting down and abandoning module Engine (14)
[2018.06.15-00.47.24:476][419]LogModuleManager: Shutting down and abandoning module CoreUObject (12)
[2018.06.15-00.47.24:476][419]LogModuleManager: Shutting down and abandoning module NetworkFile (10)
[2018.06.15-00.47.24:476][419]LogModuleManager: Shutting down and abandoning module CookedIterativeFile (8)
[2018.06.15-00.47.24:476][419]LogModuleManager: Shutting down and abandoning module StreamingFile (6)
[2018.06.15-00.47.24:476][419]LogModuleManager: Shutting down and abandoning module SandboxFile (4)
[2018.06.15-00.47.24:476][419]LogModuleManager: Shutting down and abandoning module PakFile (2)
[2018.06.15-00.47.24:481][419]LogExit: Exiting.
[2018.06.15-00.47.24:488][419]Log file closed, 06/14/18 21:47:24
